<?xml version="1.0" encoding="UTF-8"?>
<!-- Generated by org.testng.reporters.JUnitReportReporter -->
<testsuite hostname="LAPTOP-E6SRQGTN" failures="0" tests="3" name="kamalnath.files.DynamicJSON" time="3.091" errors="0" timestamp="2024-02-10T15:52:45 IST" skipped="0">
  <testcase classname="kamalnath.files.DynamicJSON" name="addBook" time="2.793"/>
  <system-out/>
  <testcase classname="kamalnath.files.DynamicJSON" name="addBook" time="0.147"/>
  <system-out/>
  <testcase classname="kamalnath.files.DynamicJSON" name="addBook" time="0.151"/>
  <system-out/>
</testsuite> <!-- kamalnath.files.DynamicJSON -->
