<?xml version="1.0" encoding="UTF-8"?>
<!-- Generated by org.testng.reporters.JUnitReportReporter -->
<testsuite hostname="LAPTOP-E6SRQGTN" failures="0" tests="4" name="kamalnath.files.DynamicJSON" time="3.710" errors="0" timestamp="2025-09-11T07:53:03 IST" skipped="0">
  <testcase classname="kamalnath.files.DynamicJSON" name="addBook" time="0.164"/>
  <system-out/>
  <testcase classname="kamalnath.files.DynamicJSON" name="addBook" time="0.156"/>
  <system-out/>
  <testcase classname="kamalnath.files.DynamicJSON" name="addBook" time="3.199"/>
  <system-out/>
  <testcase classname="kamalnath.files.DynamicJSON" name="addBook" time="0.191"/>
  <system-out/>
</testsuite> <!-- kamalnath.files.DynamicJSON -->
