<?xml version="1.0" encoding="UTF-8"?>
<!-- Generated by org.testng.reporters.JUnitReportReporter -->
<testsuite hostname="LAPTOP-E6SRQGTN" failures="0" tests="1" name="kamalnath.basics.SumValidation" time="1.751" errors="0" timestamp="2024-02-09T09:11:22 IST" skipped="0">
  <testcase classname="kamalnath.basics.SumValidation" name="sumOfCourse" time="1.751"/>
  <system-out/>
</testsuite> <!-- kamalnath.basics.SumValidation -->
