<?xml version="1.0" encoding="UTF-8"?>
<!-- Generated by org.testng.reporters.JUnitReportReporter -->
<testsuite hostname="LAPTOP-E6SRQGTN" failures="0" tests="1" name="kamalnath.basics.SumValidation" time="2.085" errors="0" timestamp="2025-09-11T07:30:37 IST" skipped="0">
  <testcase classname="kamalnath.basics.SumValidation" name="sumOfCourse" time="2.085"/>
  <system-out/>
</testsuite> <!-- kamalnath.basics.SumValidation -->
